<?xml version="1.0" encoding="UTF-8"?>
<!-- Generated by org.testng.reporters.JUnitReportReporter -->
<testsuite hostname="Galaxy-A8-2018.hitronhub.home" failures="0" tests="1" name="Test.Demo" time="0.005" errors="0" timestamp="01 Jul. 2020 17:23:23 GMT" skipped="0">
  <testcase classname="Test.Demo" name="Demo" time="0.005"/>
</testsuite> <!-- Test.Demo -->
